# JRE version: Java(TM) SE Runtime Environment (8.0_65-b17) (build 1.8.0_65-b17)
# Java VM: Java HotSpot(TM) 64-Bit Server VM (25.65-b01 mixed mode bsd-amd64 compressed oops)
Heap:
 PSYoungGen      total 38400K, used 8474K [0x0000000795580000, 0x000000079a080000, 0x00000007c0000000)
  eden space 33280K, 25% used [0x0000000795580000,0x0000000795dc6850,0x0000000797600000)
  from space 5120K, 0% used [0x0000000797b00000,0x0000000797b00000,0x0000000798000000)
  to   space 5120K, 0% used [0x0000000797600000,0x0000000797600000,0x0000000797b00000)
 ParOldGen       total 62976K, used 11736K [0x0000000740000000, 0x0000000743d80000, 0x0000000795580000)
  object space 62976K, 18% used [0x0000000740000000,0x0000000740b761a8,0x0000000743d80000)
 Metaspace       used 23007K, capacity 23620K, committed 23936K, reserved 1071104K
  class space    used 3001K, capacity 3158K, committed 3200K, reserved 1048576K
GC Heap History (6 events):
Event: 4.554 GC heap before
{Heap before GC invocations=1 (full 0):
 PSYoungGen      total 38400K, used 33280K [0x0000000795580000, 0x0000000798000000, 0x00000007c0000000)
  eden space 33280K, 100% used [0x0000000795580000,0x0000000797600000,0x0000000797600000)
  from space 5120K, 0% used [0x0000000797b00000,0x0000000797b00000,0x0000000798000000)
  to   space 5120K, 0% used [0x0000000797600000,0x0000000797600000,0x0000000797b00000)
 ParOldGen       total 87552K, used 0K [0x0000000740000000, 0x0000000745580000, 0x0000000795580000)
  object space 87552K, 0% used [0x0000000740000000,0x0000000740000000,0x0000000745580000)
 Metaspace       used 14168K, capacity 14688K, committed 14976K, reserved 1062912K
  class space    used 1902K, capacity 2072K, committed 2176K, reserved 1048576K
Event: 4.563 GC heap after
Heap after GC invocations=1 (full 0):
 PSYoungGen      total 38400K, used 5109K [0x0000000795580000, 0x0000000798000000, 0x00000007c0000000)
  eden space 33280K, 0% used [0x0000000795580000,0x0000000795580000,0x0000000797600000)
  from space 5120K, 99% used [0x0000000797600000,0x0000000797afd440,0x0000000797b00000)
  to   space 5120K, 0% used [0x0000000797b00000,0x0000000797b00000,0x0000000798000000)
 ParOldGen       total 87552K, used 3045K [0x0000000740000000, 0x0000000745580000, 0x0000000795580000)
  object space 87552K, 3% used [0x0000000740000000,0x00000007402f96a0,0x0000000745580000)
 Metaspace       used 14168K, capacity 14688K, committed 14976K, reserved 1062912K
  class space    used 1902K, capacity 2072K, committed 2176K, reserved 1048576K
}
Event: 5.201 GC heap before
{Heap before GC invocations=2 (full 0):
 PSYoungGen      total 38400K, used 14597K [0x0000000795580000, 0x0000000798000000, 0x00000007c0000000)
  eden space 33280K, 28% used [0x0000000795580000,0x0000000795ec42b8,0x0000000797600000)
  from space 5120K, 99% used [0x0000000797600000,0x0000000797afd440,0x0000000797b00000)
  to   space 5120K, 0% used [0x0000000797b00000,0x0000000797b00000,0x0000000798000000)
 ParOldGen       total 87552K, used 3045K [0x0000000740000000, 0x0000000745580000, 0x0000000795580000)
  object space 87552K, 3% used [0x0000000740000000,0x00000007402f96a0,0x0000000745580000)
 Metaspace       used 20605K, capacity 21122K, committed 21296K, reserved 1067008K
  class space    used 2724K, capacity 2885K, committed 2944K, reserved 1048576K
Event: 5.222 GC heap after
Heap after GC invocations=2 (full 0):
 PSYoungGen      total 38400K, used 5093K [0x0000000795580000, 0x000000079a080000, 0x00000007c0000000)
  eden space 33280K, 0% used [0x0000000795580000,0x0000000795580000,0x0000000797600000)
  from space 5120K, 99% used [0x0000000797b00000,0x0000000797ff9570,0x0000000798000000)
  to   space 5120K, 0% used [0x0000000797600000,0x0000000797600000,0x0000000797b00000)
 ParOldGen       total 87552K, used 6961K [0x0000000740000000, 0x0000000745580000, 0x0000000795580000)
  object space 87552K, 7% used [0x0000000740000000,0x00000007406cc458,0x0000000745580000)
 Metaspace       used 20605K, capacity 21122K, committed 21296K, reserved 1067008K
  class space    used 2724K, capacity 2885K, committed 2944K, reserved 1048576K
}
Event: 5.222 GC heap before
{Heap before GC invocations=3 (full 1):
 PSYoungGen      total 38400K, used 5093K [0x0000000795580000, 0x000000079a080000, 0x00000007c0000000)
  eden space 33280K, 0% used [0x0000000795580000,0x0000000795580000,0x0000000797600000)
  from space 5120K, 99% used [0x0000000797b00000,0x0000000797ff9570,0x0000000798000000)
  to   space 5120K, 0% used [0x0000000797600000,0x0000000797600000,0x0000000797b00000)
 ParOldGen       total 87552K, used 6961K [0x0000000740000000, 0x0000000745580000, 0x0000000795580000)
  object space 87552K, 7% used [0x0000000740000000,0x00000007406cc458,0x0000000745580000)
 Metaspace       used 20605K, capacity 21122K, committed 21296K, reserved 1067008K
  class space    used 2724K, capacity 2885K, committed 2944K, reserved 1048576K
Event: 5.279 GC heap after
Heap after GC invocations=3 (full 1):
 PSYoungGen      total 38400K, used 0K [0x0000000795580000, 0x000000079a080000, 0x00000007c0000000)
  eden space 33280K, 0% used [0x0000000795580000,0x0000000795580000,0x0000000797600000)
  from space 5120K, 0% used [0x0000000797b00000,0x0000000797b00000,0x0000000798000000)
  to   space 5120K, 0% used [0x0000000797600000,0x0000000797600000,0x0000000797b00000)
 ParOldGen       total 62976K, used 11736K [0x0000000740000000, 0x0000000743d80000, 0x0000000795580000)
  object space 62976K, 18% used [0x0000000740000000,0x0000000740b761a8,0x0000000743d80000)
 Metaspace       used 20605K, capacity 21122K, committed 21296K, reserved 1067008K
  class space    used 2724K, capacity 2885K, committed 2944K, reserved 1048576K
}

