# JRE version: Java(TM) SE Runtime Environment (8.0_65-b17) (build 1.8.0_65-b17)
# Java VM: Java HotSpot(TM) 64-Bit Server VM (25.65-b01 mixed mode bsd-amd64 compressed oops)
Heap:
 PSYoungGen      total 38400K, used 2418K [0x0000000795580000, 0x0000000798000000, 0x00000007c0000000)
  eden space 33280K, 7% used [0x0000000795580000,0x00000007957dca70,0x0000000797600000)
  from space 5120K, 0% used [0x0000000797b00000,0x0000000797b00000,0x0000000798000000)
  to   space 5120K, 0% used [0x0000000797600000,0x0000000797600000,0x0000000797b00000)
 ParOldGen       total 56832K, used 14958K [0x0000000740000000, 0x0000000743780000, 0x0000000795580000)
  object space 56832K, 26% used [0x0000000740000000,0x0000000740e9bb98,0x0000000743780000)
 Metaspace       used 20719K, capacity 21398K, committed 21760K, reserved 1069056K
  class space    used 2783K, capacity 2949K, committed 3072K, reserved 1048576K
GC Heap History (6 events):
Event: 4.167 GC heap before
{Heap before GC invocations=1 (full 0):
 PSYoungGen      total 38400K, used 33280K [0x0000000795580000, 0x0000000798000000, 0x00000007c0000000)
  eden space 33280K, 100% used [0x0000000795580000,0x0000000797600000,0x0000000797600000)
  from space 5120K, 0% used [0x0000000797b00000,0x0000000797b00000,0x0000000798000000)
  to   space 5120K, 0% used [0x0000000797600000,0x0000000797600000,0x0000000797b00000)
 ParOldGen       total 87552K, used 0K [0x0000000740000000, 0x0000000745580000, 0x0000000795580000)
  object space 87552K, 0% used [0x0000000740000000,0x0000000740000000,0x0000000745580000)
 Metaspace       used 14013K, capacity 14540K, committed 14592K, reserved 1062912K
  class space    used 1883K, capacity 2040K, committed 2048K, reserved 1048576K
Event: 4.185 GC heap after
Heap after GC invocations=1 (full 0):
 PSYoungGen      total 38400K, used 5109K [0x0000000795580000, 0x0000000798000000, 0x00000007c0000000)
  eden space 33280K, 0% used [0x0000000795580000,0x0000000795580000,0x0000000797600000)
  from space 5120K, 99% used [0x0000000797600000,0x0000000797afd410,0x0000000797b00000)
  to   space 5120K, 0% used [0x0000000797b00000,0x0000000797b00000,0x0000000798000000)
 ParOldGen       total 87552K, used 3027K [0x0000000740000000, 0x0000000745580000, 0x0000000795580000)
  object space 87552K, 3% used [0x0000000740000000,0x00000007402f4df0,0x0000000745580000)
 Metaspace       used 14013K, capacity 14540K, committed 14592K, reserved 1062912K
  class space    used 1883K, capacity 2040K, committed 2048K, reserved 1048576K
}
Event: 21.924 GC heap before
{Heap before GC invocations=2 (full 0):
 PSYoungGen      total 38400K, used 22266K [0x0000000795580000, 0x0000000798000000, 0x00000007c0000000)
  eden space 33280K, 51% used [0x0000000795580000,0x0000000796641548,0x0000000797600000)
  from space 5120K, 99% used [0x0000000797600000,0x0000000797afd410,0x0000000797b00000)
  to   space 5120K, 0% used [0x0000000797b00000,0x0000000797b00000,0x0000000798000000)
 ParOldGen       total 87552K, used 3027K [0x0000000740000000, 0x0000000745580000, 0x0000000795580000)
  object space 87552K, 3% used [0x0000000740000000,0x00000007402f4df0,0x0000000745580000)
 Metaspace       used 20640K, capacity 21220K, committed 21296K, reserved 1067008K
  class space    used 2776K, capacity 2938K, committed 2944K, reserved 1048576K
Event: 21.933 GC heap after
Heap after GC invocations=2 (full 0):
 PSYoungGen      total 38400K, used 5101K [0x0000000795580000, 0x0000000798000000, 0x00000007c0000000)
  eden space 33280K, 0% used [0x0000000795580000,0x0000000795580000,0x0000000797600000)
  from space 5120K, 99% used [0x0000000797b00000,0x0000000797ffb5f0,0x0000000798000000)
  to   space 5120K, 0% used [0x0000000797600000,0x0000000797600000,0x0000000797b00000)
 ParOldGen       total 87552K, used 10160K [0x0000000740000000, 0x0000000745580000, 0x0000000795580000)
  object space 87552K, 11% used [0x0000000740000000,0x00000007409ec1e0,0x0000000745580000)
 Metaspace       used 20640K, capacity 21220K, committed 21296K, reserved 1067008K
  class space    used 2776K, capacity 2938K, committed 2944K, reserved 1048576K
}
Event: 21.933 GC heap before
{Heap before GC invocations=3 (full 1):
 PSYoungGen      total 38400K, used 5101K [0x0000000795580000, 0x0000000798000000, 0x00000007c0000000)
  eden space 33280K, 0% used [0x0000000795580000,0x0000000795580000,0x0000000797600000)
  from space 5120K, 99% used [0x0000000797b00000,0x0000000797ffb5f0,0x0000000798000000)
  to   space 5120K, 0% used [0x0000000797600000,0x0000000797600000,0x0000000797b00000)
 ParOldGen       total 87552K, used 10160K [0x0000000740000000, 0x0000000745580000, 0x0000000795580000)
  object space 87552K, 11% used [0x0000000740000000,0x00000007409ec1e0,0x0000000745580000)
 Metaspace       used 20640K, capacity 21220K, committed 21296K, reserved 1067008K
  class space    used 2776K, capacity 2938K, committed 2944K, reserved 1048576K
Event: 21.985 GC heap after
Heap after GC invocations=3 (full 1):
 PSYoungGen      total 38400K, used 0K [0x0000000795580000, 0x0000000798000000, 0x00000007c0000000)
  eden space 33280K, 0% used [0x0000000795580000,0x0000000795580000,0x0000000797600000)
  from space 5120K, 0% used [0x0000000797b00000,0x0000000797b00000,0x0000000798000000)
  to   space 5120K, 0% used [0x0000000797600000,0x0000000797600000,0x0000000797b00000)
 ParOldGen       total 56832K, used 14958K [0x0000000740000000, 0x0000000743780000, 0x0000000795580000)
  object space 56832K, 26% used [0x0000000740000000,0x0000000740e9bb98,0x0000000743780000)
 Metaspace       used 20640K, capacity 21220K, committed 21296K, reserved 1067008K
  class space    used 2776K, capacity 2938K, committed 2944K, reserved 1048576K
}

