# JRE version: Java(TM) SE Runtime Environment (8.0_65-b17) (build 1.8.0_65-b17)
# Java VM: Java HotSpot(TM) 64-Bit Server VM (25.65-b01 mixed mode bsd-amd64 compressed oops)
Heap:
 PSYoungGen      total 38400K, used 4380K [0x0000000795580000, 0x0000000798000000, 0x00000007c0000000)
  eden space 33280K, 13% used [0x0000000795580000,0x00000007959c7120,0x0000000797600000)
  from space 5120K, 0% used [0x0000000797b00000,0x0000000797b00000,0x0000000798000000)
  to   space 5120K, 0% used [0x0000000797600000,0x0000000797600000,0x0000000797b00000)
 ParOldGen       total 52736K, used 13710K [0x0000000740000000, 0x0000000743380000, 0x0000000795580000)
  object space 52736K, 25% used [0x0000000740000000,0x0000000740d63bf8,0x0000000743380000)
 Metaspace       used 20870K, capacity 21368K, committed 21632K, reserved 1069056K
  class space    used 2808K, capacity 2937K, committed 2944K, reserved 1048576K
GC Heap History (6 events):
Event: 2.896 GC heap before
{Heap before GC invocations=1 (full 0):
 PSYoungGen      total 38400K, used 32938K [0x0000000795580000, 0x0000000798000000, 0x00000007c0000000)
  eden space 33280K, 98% used [0x0000000795580000,0x00000007975aa920,0x0000000797600000)
  from space 5120K, 0% used [0x0000000797b00000,0x0000000797b00000,0x0000000798000000)
  to   space 5120K, 0% used [0x0000000797600000,0x0000000797600000,0x0000000797b00000)
 ParOldGen       total 87552K, used 0K [0x0000000740000000, 0x0000000745580000, 0x0000000795580000)
  object space 87552K, 0% used [0x0000000740000000,0x0000000740000000,0x0000000745580000)
 Metaspace       used 14226K, capacity 14708K, committed 14848K, reserved 1062912K
  class space    used 1895K, capacity 2023K, committed 2048K, reserved 1048576K
Event: 2.914 GC heap after
Heap after GC invocations=1 (full 0):
 PSYoungGen      total 38400K, used 5105K [0x0000000795580000, 0x0000000798000000, 0x00000007c0000000)
  eden space 33280K, 0% used [0x0000000795580000,0x0000000795580000,0x0000000797600000)
  from space 5120K, 99% used [0x0000000797600000,0x0000000797afc640,0x0000000797b00000)
  to   space 5120K, 0% used [0x0000000797b00000,0x0000000797b00000,0x0000000798000000)
 ParOldGen       total 87552K, used 5004K [0x0000000740000000, 0x0000000745580000, 0x0000000795580000)
  object space 87552K, 5% used [0x0000000740000000,0x00000007404e3120,0x0000000745580000)
 Metaspace       used 14226K, capacity 14708K, committed 14848K, reserved 1062912K
  class space    used 1895K, capacity 2023K, committed 2048K, reserved 1048576K
}
Event: 24.546 GC heap before
{Heap before GC invocations=2 (full 0):
 PSYoungGen      total 38400K, used 14796K [0x0000000795580000, 0x0000000798000000, 0x00000007c0000000)
  eden space 33280K, 29% used [0x0000000795580000,0x0000000795ef6b98,0x0000000797600000)
  from space 5120K, 99% used [0x0000000797600000,0x0000000797afc640,0x0000000797b00000)
  to   space 5120K, 0% used [0x0000000797b00000,0x0000000797b00000,0x0000000798000000)
 ParOldGen       total 87552K, used 5004K [0x0000000740000000, 0x0000000745580000, 0x0000000795580000)
  object space 87552K, 5% used [0x0000000740000000,0x00000007404e3120,0x0000000745580000)
 Metaspace       used 20694K, capacity 21190K, committed 21296K, reserved 1067008K
  class space    used 2799K, capacity 2926K, committed 2944K, reserved 1048576K
Event: 24.564 GC heap after
Heap after GC invocations=2 (full 0):
 PSYoungGen      total 38400K, used 5094K [0x0000000795580000, 0x0000000798000000, 0x00000007c0000000)
  eden space 33280K, 0% used [0x0000000795580000,0x0000000795580000,0x0000000797600000)
  from space 5120K, 99% used [0x0000000797b00000,0x0000000797ff98e0,0x0000000798000000)
  to   space 5120K, 0% used [0x0000000797600000,0x0000000797600000,0x0000000797b00000)
 ParOldGen       total 87552K, used 10325K [0x0000000740000000, 0x0000000745580000, 0x0000000795580000)
  object space 87552K, 11% used [0x0000000740000000,0x0000000740a15768,0x0000000745580000)
 Metaspace       used 20694K, capacity 21190K, committed 21296K, reserved 1067008K
  class space    used 2799K, capacity 2926K, committed 2944K, reserved 1048576K
}
Event: 24.564 GC heap before
{Heap before GC invocations=3 (full 1):
 PSYoungGen      total 38400K, used 5094K [0x0000000795580000, 0x0000000798000000, 0x00000007c0000000)
  eden space 33280K, 0% used [0x0000000795580000,0x0000000795580000,0x0000000797600000)
  from space 5120K, 99% used [0x0000000797b00000,0x0000000797ff98e0,0x0000000798000000)
  to   space 5120K, 0% used [0x0000000797600000,0x0000000797600000,0x0000000797b00000)
 ParOldGen       total 87552K, used 10325K [0x0000000740000000, 0x0000000745580000, 0x0000000795580000)
  object space 87552K, 11% used [0x0000000740000000,0x0000000740a15768,0x0000000745580000)
 Metaspace       used 20694K, capacity 21190K, committed 21296K, reserved 1067008K
  class space    used 2799K, capacity 2926K, committed 2944K, reserved 1048576K
Event: 24.620 GC heap after
Heap after GC invocations=3 (full 1):
 PSYoungGen      total 38400K, used 0K [0x0000000795580000, 0x0000000798000000, 0x00000007c0000000)
  eden space 33280K, 0% used [0x0000000795580000,0x0000000795580000,0x0000000797600000)
  from space 5120K, 0% used [0x0000000797b00000,0x0000000797b00000,0x0000000798000000)
  to   space 5120K, 0% used [0x0000000797600000,0x0000000797600000,0x0000000797b00000)
 ParOldGen       total 52736K, used 13710K [0x0000000740000000, 0x0000000743380000, 0x0000000795580000)
  object space 52736K, 25% used [0x0000000740000000,0x0000000740d63bf8,0x0000000743380000)
 Metaspace       used 20694K, capacity 21190K, committed 21296K, reserved 1067008K
  class space    used 2799K, capacity 2926K, committed 2944K, reserved 1048576K
}

